#
# There is insufficient memory for the Java Runtime Environment to continue.
# Native memory allocation (mmap) failed to map 134217728 bytes for Failed to commit area from 0x0000000081e00000 to 0x0000000089e00000 of length 134217728.
# Possible reasons:
#   The system is out of physical RAM or swap space
#   The process is running with CompressedOops enabled, and the Java Heap may be blocking the growth of the native heap
# Possible solutions:
#   Reduce memory load on the system
#   Increase physical memory or swap space
#   Check if swap backing store is full
#   Decrease Java heap size (-Xmx/-Xms)
#   Decrease number of Java threads
#   Decrease Java thread stack sizes (-Xss)
#   Set larger code cache with -XX:ReservedCodeCacheSize=
# This output file may be truncated or incomplete.
#
#  Out of Memory Error (./src/hotspot/os/windows/os_windows.cpp:3386), pid=12100, tid=39516
#
# JRE version:  (11.0.16.1+1) (build )
# Java VM: OpenJDK 64-Bit Server VM (11.0.16.1+1-LTS, mixed mode, sharing, tiered, compressed oops, g1 gc, windows-amd64)
# No core dump will be written. Minidumps are not enabled by default on client versions of Windows
#

---------------  S U M M A R Y ------------

Command Line: 

Host: Intel(R) Core(TM) i5-8250U CPU @ 1.60GHz, 8 cores, 7G,  Windows 11 , 64 bit Build 22000 (10.0.22000.1761)
Time: Sat Apr 29 14:55:42 2023 Västeuropa, sommartid elapsed time: 0.031346 seconds (0d 0h 0m 0s)

---------------  T H R E A D  ---------------

Current thread (0x0000011e629ff800):  JavaThread "Unknown thread" [_thread_in_vm, id=39516, stack(0x000000025ef00000,0x000000025f000000)]

Stack: [0x000000025ef00000,0x000000025f000000]
Native frames: (J=compiled Java code, j=interpreted, Vv=VM code, C=native code)
V  [jvm.dll+0x62652a]
V  [jvm.dll+0x7b3249]
V  [jvm.dll+0x7b4938]
V  [jvm.dll+0x7b5013]
V  [jvm.dll+0x24fca8]
V  [jvm.dll+0x62383a]
V  [jvm.dll+0x617fe5]
V  [jvm.dll+0x307bac]
V  [jvm.dll+0x307a32]
V  [jvm.dll+0x30c746]
V  [jvm.dll+0x352b9f]
V  [jvm.dll+0x3525d0]
V  [jvm.dll+0x2e4ba8]
V  [jvm.dll+0x2e5d06]
V  [jvm.dll+0x78d097]
V  [jvm.dll+0x78e81f]
V  [jvm.dll+0x35f8e9]
V  [jvm.dll+0x770000]
V  [jvm.dll+0x3cd40f]
V  [jvm.dll+0x3cf7a1]
C  [jli.dll+0x5207]
C  [ucrtbase.dll+0x26c0c]
C  [KERNEL32.DLL+0x15590]
C  [ntdll.dll+0x485b]


---------------  P R O C E S S  ---------------

Threads class SMR info:
_java_thread_list=0x0000011e607e6cc0, length=0, elements={
}

Java Threads: ( => current thread )

Other Threads:
  0x0000011e62a17000 GCTaskThread "GC Thread#0" [stack: 0x000000025f000000,0x000000025f100000] [id=30860]
  0x0000011e62a48000 ConcurrentGCThread "G1 Main Marker" [stack: 0x000000025f100000,0x000000025f200000] [id=34728]
  0x0000011e62a4b000 ConcurrentGCThread "G1 Conc#0" [stack: 0x000000025f200000,0x000000025f300000] [id=14288]

[error occurred during error reporting (printing all threads), id 0xc0000005, EXCEPTION_ACCESS_VIOLATION (0xc0000005) at pc=0x00007ffa925e4377]

VM state:not at safepoint (not fully initialized)

VM Mutex/Monitor currently owned by a thread:  ([mutex/lock_event])
[0x0000011e629f9a20] Heap_lock - owner thread: 0x0000011e629ff800

Heap address: 0x0000000081e00000, size: 2018 MB, Compressed Oops mode: Non-zero based: 0x0000000081e00000
Narrow klass base: 0x0000000000000000, Narrow klass shift: 0

GC Heap History (0 events):
No events

Deoptimization events (0 events):
No events

Classes redefined (0 events):
No events

Internal exceptions (0 events):
No events

Events (1 events):
Event: 0.020 Loaded shared library C:\Program Files\Microsoft\jdk-11.0.16.101-hotspot\bin\zip.dll


Dynamic libraries:
0x00007ff6a0b70000 - 0x00007ff6a0b7d000 	C:\Program Files\Microsoft\jdk-11.0.16.101-hotspot\bin\java.exe
0x00007ffba1f00000 - 0x00007ffba2109000 	C:\WINDOWS\SYSTEM32\ntdll.dll
0x00007ffba1620000 - 0x00007ffba16de000 	C:\WINDOWS\System32\KERNEL32.DLL
0x00007ffb9f500000 - 0x00007ffb9f883000 	C:\WINDOWS\System32\KERNELBASE.dll
0x00007ffb9fae0000 - 0x00007ffb9fbf1000 	C:\WINDOWS\System32\ucrtbase.dll
0x00007ffb63750000 - 0x00007ffb63767000 	C:\Program Files\Microsoft\jdk-11.0.16.101-hotspot\bin\jli.dll
0x00007ffb636d0000 - 0x00007ffb636e5000 	C:\Program Files\Microsoft\jdk-11.0.16.101-hotspot\bin\VCRUNTIME140.dll
0x00007ffba0eb0000 - 0x00007ffba105d000 	C:\WINDOWS\System32\USER32.dll
0x00007ffb9f3b0000 - 0x00007ffb9f3d6000 	C:\WINDOWS\System32\win32u.dll
0x00007ffb9fde0000 - 0x00007ffb9fe09000 	C:\WINDOWS\System32\GDI32.dll
0x00007ffb9f900000 - 0x00007ffb9fa1a000 	C:\WINDOWS\System32\gdi32full.dll
0x00007ffb9f3e0000 - 0x00007ffb9f47d000 	C:\WINDOWS\System32\msvcp_win.dll
0x00007ffb870a0000 - 0x00007ffb87345000 	C:\WINDOWS\WinSxS\amd64_microsoft.windows.common-controls_6595b64144ccf1df_6.0.22000.120_none_9d947278b86cc467\COMCTL32.dll
0x00007ffba12e0000 - 0x00007ffba1383000 	C:\WINDOWS\System32\msvcrt.dll
0x00007ffba0230000 - 0x00007ffba0261000 	C:\WINDOWS\System32\IMM32.DLL
0x00007ffb367d0000 - 0x00007ffb3686b000 	C:\Program Files\Microsoft\jdk-11.0.16.101-hotspot\bin\msvcp140.dll
0x00007ffa922f0000 - 0x00007ffa92e7a000 	C:\Program Files\Microsoft\jdk-11.0.16.101-hotspot\bin\server\jvm.dll
0x00007ffba1230000 - 0x00007ffba12de000 	C:\WINDOWS\System32\ADVAPI32.dll
0x00007ffba0190000 - 0x00007ffba022e000 	C:\WINDOWS\System32\sechost.dll
0x00007ffba1d20000 - 0x00007ffba1e41000 	C:\WINDOWS\System32\RPCRT4.dll
0x00007ffba16e0000 - 0x00007ffba16e8000 	C:\WINDOWS\System32\PSAPI.DLL
0x00007ffb9c9b0000 - 0x00007ffb9c9b9000 	C:\WINDOWS\SYSTEM32\WSOCK32.dll
0x00007ffb97fa0000 - 0x00007ffb97fd3000 	C:\WINDOWS\SYSTEM32\WINMM.dll
0x00007ffb95dd0000 - 0x00007ffb95dda000 	C:\WINDOWS\SYSTEM32\VERSION.dll
0x00007ffb9fd70000 - 0x00007ffb9fddf000 	C:\WINDOWS\System32\WS2_32.dll
0x00007ffb9e400000 - 0x00007ffb9e418000 	C:\WINDOWS\SYSTEM32\kernel.appcore.dll
0x00007ffb88b80000 - 0x00007ffb88b90000 	C:\Program Files\Microsoft\jdk-11.0.16.101-hotspot\bin\verify.dll
0x00007ffb9c1b0000 - 0x00007ffb9c3d1000 	C:\WINDOWS\SYSTEM32\DBGHELP.DLL
0x00007ffb9c970000 - 0x00007ffb9c9a1000 	C:\WINDOWS\SYSTEM32\dbgcore.DLL
0x00007ffb9f480000 - 0x00007ffb9f4ff000 	C:\WINDOWS\System32\bcryptPrimitives.dll
0x00007ffb875f0000 - 0x00007ffb87618000 	C:\Program Files\Microsoft\jdk-11.0.16.101-hotspot\bin\java.dll
0x00007ffb88b70000 - 0x00007ffb88b7a000 	C:\Program Files\Microsoft\jdk-11.0.16.101-hotspot\bin\jimage.dll
0x00007ffb6eda0000 - 0x00007ffb6edb8000 	C:\Program Files\Microsoft\jdk-11.0.16.101-hotspot\bin\zip.dll

dbghelp: loaded successfully - version: 4.0.5 - missing functions: none
symbol engine: initialized successfully - sym options: 0x614 - pdb path: .;C:\Program Files\Microsoft\jdk-11.0.16.101-hotspot\bin;C:\WINDOWS\SYSTEM32;C:\WINDOWS\WinSxS\amd64_microsoft.windows.common-controls_6595b64144ccf1df_6.0.22000.120_none_9d947278b86cc467;C:\Program Files\Microsoft\jdk-11.0.16.101-hotspot\bin\server

VM Arguments:
java_command: <unknown>
java_class_path (initial): <not set>
Launcher Type: SUN_STANDARD

[Global flags]
     intx CICompilerCount                          = 4                                         {product} {ergonomic}
     uint ConcGCThreads                            = 2                                         {product} {ergonomic}
     uint G1ConcRefinementThreads                  = 8                                         {product} {ergonomic}
   size_t G1HeapRegionSize                         = 1048576                                   {product} {ergonomic}
    uintx GCDrainStackTargetSize                   = 64                                        {product} {ergonomic}
   size_t InitialHeapSize                          = 134217728                                 {product} {ergonomic}
   size_t MarkStackSize                            = 4194304                                   {product} {ergonomic}
   size_t MaxHeapSize                              = 2116026368                                {product} {ergonomic}
   size_t MinHeapDeltaBytes                        = 1048576                                   {product} {ergonomic}
    uintx NonNMethodCodeHeapSize                   = 5836300                                {pd product} {ergonomic}
    uintx NonProfiledCodeHeapSize                  = 122910970                              {pd product} {ergonomic}
    uintx ProfiledCodeHeapSize                     = 122910970                              {pd product} {ergonomic}
    uintx ReservedCodeCacheSize                    = 251658240                              {pd product} {ergonomic}
     bool SegmentedCodeCache                       = true                                      {product} {ergonomic}
     bool UseCompressedClassPointers               = true                                 {lp64_product} {ergonomic}
     bool UseCompressedOops                        = true                                 {lp64_product} {ergonomic}
     bool UseG1GC                                  = true                                      {product} {ergonomic}
     bool UseLargePagesIndividualAllocation        = false                                  {pd product} {ergonomic}

Logging:
Log output configuration:
 #0: stdout all=warning uptime,level,tags
 #1: stderr all=off uptime,level,tags

Environment Variables:
PATH=C:\Program Files\Microsoft\jdk-11.0.16.101-hotspot\bin;C:\Program Files (x86)\Common Files\Oracle\Java\javapath;C:\Program Files (x86)\Intel\iCLS Client\;C:\Program Files\Intel\iCLS Client\;C:\Windows\system32;C:\Windows;C:\Windows\System32\Wbem;C:\Windows\System32\WindowsPowerShell\v1.0\;C:\Program Files (x86)\Intel\Intel(R) Management Engine Components\DAL;C:\Program Files\Intel\Intel(R) Management Engine Components\DAL;C:\Program Files (x86)\Intel\Intel(R) Management Engine Components\IPT;C:\Program Files\Intel\Intel(R) Management Engine Components\IPT;C:\WINDOWS\system32;C:\WINDOWS;C:\WINDOWS\System32\Wbem;C:\WINDOWS\System32\WindowsPowerShell\v1.0\;C:\Program Files\dotnet\;C:\Program Files\Microsoft SQL Server\130\Tools\Binn\;C:\Program Files\Microsoft SQL Server\Client SDK\ODBC\130\Tools\Binn\;C:\Program Files (x86)\Microsoft SQL Server\140\Tools\Binn\;C:\Program Files\Microsoft SQL Server\140\Tools\Binn\;C:\Program Files\Microsoft SQL Server\140\DTS\Binn\;C:\WINDOWS\System32\OpenSSH\;C:\Program Files (x86)\Java\jdk1.8.0_181\bin;C:\Program Files (x86)\Java\jre1.8.0_181\bin;C:\Program Files\Microsoft SQL Server\Client SDK\ODBC\170\Tools\Binn\;C:\Program Files\nodejs\;C:\WINDOWS\system32;C:\WINDOWS;C:\WINDOWS\System32\Wbem;C:\WINDOWS\System32\WindowsPowerShell\v1.0\;C:\WINDOWS\System32\OpenSSH\;C:\Program Files\Git\cmd;C:\Program Files\Docker\Docker\resources\bin;C:\ProgramData\DockerDesktop\version-bin;C:\Users\josep\Downloads\Compressed\terraform_1.3.1_windows_386;C:\Program Files\Microsoft SQL Server\150\Tools\Binn\;C:\Program Files (x86)\Microsoft SQL Server\150\DTS\Binn\;C:\ProgramData\chocolatey\bin;C:\Users\josep\scoop\apps\gsudo\current;C:\Users\josep\scoop\shims;C:\Users\josep\AppData\Local\Microsoft\WindowsApps;C:\Users\josep\AppData\Local\Programs\Microsoft VS Code\bin;C:\Users\josep\.dotnet\tools;C:\Users\josep\AppData\Roaming\npm;C:\Users\josep\Downloads\Compressed\openssl-0.9.8k_X64\bin;C:\Users\josep\.dotnet\tools;C:\Users\josep\AppData\Local\Mi
USERNAME=josep
OS=Windows_NT
PROCESSOR_IDENTIFIER=Intel64 Family 6 Model 142 Stepping 10, GenuineIntel
TMP=C:\Users\josep\AppData\Local\Temp
TEMP=C:\Users\josep\AppData\Local\Temp



---------------  S Y S T E M  ---------------

OS: Windows 11 , 64 bit Build 22000 (10.0.22000.1761)
OS uptime: 14 days 9:04 hours
Hyper-V role detected

CPU:total 8 (initial active 8) (4 cores per cpu, 2 threads per core) family 6 model 142 stepping 10 microcode 0xe0, cmov, cx8, fxsr, mmx, sse, sse2, sse3, ssse3, sse4.1, sse4.2, popcnt, avx, avx2, aes, clmul, erms, 3dnowpref, lzcnt, ht, tsc, tscinvbit, bmi1, bmi2, adx, fma

Memory: 4k page, system-wide physical 8067M (272M free)
TotalPageFile size 32643M (AvailPageFile size 5M)
current process WorkingSet (physical memory assigned to process): 10M, peak: 10M
current process commit charge ("private bytes"): 60M, peak: 188M

vm_info: OpenJDK 64-Bit Server VM (11.0.16.1+1-LTS) for windows-amd64 JRE (11.0.16.1+1-LTS), built on Aug 20 2022 20:09:04 by "" with MS VC++ 15.9 (VS2017)

END.
